{"level":"info","message":"Request: GET /api/v1/tasks","timestamp":"2025-04-12T10:08:27.960Z"}
{"level":"info","message":"Request: POST /api/v1/tasks","timestamp":"2025-04-12T10:08:28.056Z"}
{"level":"info","message":"Request: POST /api/v1/tasks","timestamp":"2025-04-12T10:08:28.068Z"}
{"level":"info","message":"Request: POST /api/v1/tasks","timestamp":"2025-04-12T10:08:28.077Z"}
{"level":"info","message":"Request: GET /api/v1/tasks/999","timestamp":"2025-04-12T10:08:28.088Z"}
{"level":"info","message":"Request: PUT /api/v1/tasks/999","timestamp":"2025-04-12T10:08:28.100Z"}
{"level":"info","message":"Request: DELETE /api/v1/tasks/999","timestamp":"2025-04-12T10:08:28.116Z"}
{"level":"info","message":"Request: GET /api/v1/tasks","timestamp":"2025-04-12T10:10:09.064Z"}
{"level":"info","message":"Request: POST /api/v1/tasks","timestamp":"2025-04-12T10:10:09.151Z"}
{"level":"info","message":"Request: POST /api/v1/tasks","timestamp":"2025-04-12T10:10:09.182Z"}
{"level":"info","message":"Request: POST /api/v1/tasks","timestamp":"2025-04-12T10:10:09.190Z"}
{"level":"info","message":"Request: GET /api/v1/tasks/999","timestamp":"2025-04-12T10:10:09.206Z"}
{"level":"info","message":"Request: PUT /api/v1/tasks/999","timestamp":"2025-04-12T10:10:09.231Z"}
{"level":"info","message":"Request: DELETE /api/v1/tasks/999","timestamp":"2025-04-12T10:10:09.244Z"}
{"level":"info","message":"Request: GET /api/v1/tasks","timestamp":"2025-04-12T10:10:16.018Z"}
{"level":"info","message":"Request: POST /api/v1/tasks","timestamp":"2025-04-12T10:10:16.063Z"}
{"level":"info","message":"Request: POST /api/v1/tasks","timestamp":"2025-04-12T10:10:16.085Z"}
{"level":"info","message":"Request: POST /api/v1/tasks","timestamp":"2025-04-12T10:10:16.094Z"}
{"level":"info","message":"Request: GET /api/v1/tasks/999","timestamp":"2025-04-12T10:10:16.112Z"}
{"level":"info","message":"Request: PUT /api/v1/tasks/999","timestamp":"2025-04-12T10:10:16.133Z"}
{"level":"info","message":"Request: DELETE /api/v1/tasks/999","timestamp":"2025-04-12T10:10:16.148Z"}
{"level":"info","message":"Request: GET /api/v1/tasks","timestamp":"2025-04-12T10:13:23.003Z"}
{"level":"info","message":"Request: POST /api/v1/tasks","timestamp":"2025-04-12T10:13:23.091Z"}
{"level":"info","message":"Request: POST /api/v1/tasks","timestamp":"2025-04-12T10:13:23.105Z"}
{"level":"info","message":"Request: POST /api/v1/tasks","timestamp":"2025-04-12T10:13:23.115Z"}
{"level":"info","message":"Request: GET /api/v1/tasks/999","timestamp":"2025-04-12T10:13:23.145Z"}
{"level":"info","message":"Request: PUT /api/v1/tasks/999","timestamp":"2025-04-12T10:13:23.156Z"}
{"level":"info","message":"Request: DELETE /api/v1/tasks/999","timestamp":"2025-04-12T10:13:23.173Z"}
{"level":"info","message":"Request: GET /api/v1/tasks","timestamp":"2025-04-12T10:13:28.758Z"}
{"level":"info","message":"Request: POST /api/v1/tasks","timestamp":"2025-04-12T10:13:28.798Z"}
{"level":"info","message":"Request: POST /api/v1/tasks","timestamp":"2025-04-12T10:13:28.817Z"}
{"level":"info","message":"Request: POST /api/v1/tasks","timestamp":"2025-04-12T10:13:28.834Z"}
{"level":"info","message":"Request: GET /api/v1/tasks/999","timestamp":"2025-04-12T10:13:28.849Z"}
{"level":"info","message":"Request: PUT /api/v1/tasks/999","timestamp":"2025-04-12T10:13:28.874Z"}
{"level":"info","message":"Request: DELETE /api/v1/tasks/999","timestamp":"2025-04-12T10:13:28.894Z"}
{"level":"info","message":"Request: GET /api/v1/tasks","timestamp":"2025-04-12T10:14:43.017Z"}
{"level":"info","message":"Request: POST /api/v1/tasks","timestamp":"2025-04-12T10:14:43.170Z"}
{"level":"info","message":"Request: POST /api/v1/tasks","timestamp":"2025-04-12T10:14:43.190Z"}
{"level":"info","message":"Request: POST /api/v1/tasks","timestamp":"2025-04-12T10:14:43.217Z"}
{"level":"info","message":"Request: GET /api/v1/tasks/999","timestamp":"2025-04-12T10:14:43.236Z"}
{"level":"info","message":"Request: PUT /api/v1/tasks/999","timestamp":"2025-04-12T10:14:43.272Z"}
{"level":"info","message":"Request: DELETE /api/v1/tasks/999","timestamp":"2025-04-12T10:14:43.299Z"}
{"level":"info","message":"Request: GET /api/v1/tasks","timestamp":"2025-04-12T10:14:44.417Z"}
{"level":"info","message":"Request: POST /api/v1/tasks","timestamp":"2025-04-12T10:14:44.509Z"}
{"level":"info","message":"Request: POST /api/v1/tasks","timestamp":"2025-04-12T10:14:44.532Z"}
{"level":"info","message":"Request: POST /api/v1/tasks","timestamp":"2025-04-12T10:14:44.552Z"}
{"level":"info","message":"Request: GET /api/v1/tasks/999","timestamp":"2025-04-12T10:14:44.570Z"}
{"level":"info","message":"Request: PUT /api/v1/tasks/999","timestamp":"2025-04-12T10:14:44.605Z"}
{"level":"info","message":"Request: DELETE /api/v1/tasks/999","timestamp":"2025-04-12T10:14:44.626Z"}
{"level":"info","message":"Request: GET /api/v1/tasks","timestamp":"2025-04-12T10:41:49.296Z"}
{"level":"info","message":"Request: POST /api/v1/tasks","timestamp":"2025-04-12T10:41:49.467Z"}
{"level":"info","message":"Request: POST /api/v1/tasks","timestamp":"2025-04-12T10:41:49.507Z"}
{"level":"info","message":"Request: POST /api/v1/tasks","timestamp":"2025-04-12T10:41:49.525Z"}
{"level":"info","message":"Request: GET /api/v1/tasks/999","timestamp":"2025-04-12T10:41:49.546Z"}
{"level":"info","message":"Request: PUT /api/v1/tasks/999","timestamp":"2025-04-12T10:41:49.569Z"}
{"level":"info","message":"Request: DELETE /api/v1/tasks/999","timestamp":"2025-04-12T10:41:49.593Z"}
{"level":"info","message":"Request: GET /api/v1/tasks","timestamp":"2025-04-12T10:41:50.822Z"}
{"level":"info","message":"Request: POST /api/v1/tasks","timestamp":"2025-04-12T10:41:50.931Z"}
{"level":"info","message":"Request: POST /api/v1/tasks","timestamp":"2025-04-12T10:41:50.949Z"}
{"level":"info","message":"Request: POST /api/v1/tasks","timestamp":"2025-04-12T10:41:50.975Z"}
{"level":"info","message":"Request: GET /api/v1/tasks/999","timestamp":"2025-04-12T10:41:51.022Z"}
{"level":"info","message":"Request: PUT /api/v1/tasks/999","timestamp":"2025-04-12T10:41:51.058Z"}
{"level":"info","message":"Request: DELETE /api/v1/tasks/999","timestamp":"2025-04-12T10:41:51.080Z"}
